Drill report for LEC032002.kicad_pcb
Created on Wed Apr 19 18:10:53 2023

Copper Layer Stackup:
    =============================================================
    L1 :  F.Cu                      front
    L2 :  B.Cu                      back


Drill file 'LEC032002.drl' contains
    plated through holes:
    =============================================================
    T1  0.300mm  0.0118"  (15 holes)
    T2  0.400mm  0.0157"  (88 holes)
    T3  0.700mm  0.0276"  (12 holes)
    T4  1.520mm  0.0598"  (10 holes)

    Total plated holes count 125


Not plated through holes are merged with plated holes
    unplated through holes:
    =============================================================
    T5  0.991mm  0.0390"  (3 holes)
    T6  2.375mm  0.0935"  (4 holes)
    T7  3.200mm  0.1260"  (3 holes)

    Total unplated holes count 10
